D:\PROJECTS\SHADEREDITOR\SHADEREDITORGUI\DEBUG\CALCULATORFORM.OBJ
D:\PROJECTS\SHADEREDITOR\SHADEREDITORGUI\DEBUG\MAIN.OBJ
D:\PROJECTS\SHADEREDITOR\SHADEREDITORGUI\DEBUG\MOC_CALCULATORFORM.OBJ
D:\PROJECTS\SHADEREDITOR\SHADEREDITORGUI\DEBUG\VC110.PDB
D:\Projects\ShaderEditor\ShaderEditorGUI\Debug\calculatorform.obj
D:\Projects\ShaderEditor\ShaderEditorGUI\Debug\main.obj
D:\Projects\ShaderEditor\ShaderEditorGUI\Debug\moc_calculatorform.obj
D:\Projects\ShaderEditor\ShaderEditorGUI\Debug\cl.command.1.tlog
D:\Projects\ShaderEditor\ShaderEditorGUI\Debug\CL.read.1.tlog
D:\Projects\ShaderEditor\ShaderEditorGUI\Debug\CL.write.1.tlog
D:\Projects\ShaderEditor\ShaderEditorGUI\Debug\link-cvtres.read.1.tlog
D:\Projects\ShaderEditor\ShaderEditorGUI\Debug\link-cvtres.write.1.tlog
D:\Projects\ShaderEditor\ShaderEditorGUI\Debug\link-rc.read.1.tlog
D:\Projects\ShaderEditor\ShaderEditorGUI\Debug\link-rc.write.1.tlog
D:\Projects\ShaderEditor\ShaderEditorGUI\Debug\link.command.1.tlog
D:\Projects\ShaderEditor\ShaderEditorGUI\Debug\link.read.1.tlog
D:\Projects\ShaderEditor\ShaderEditorGUI\Debug\link.write.1.tlog
D:\Projects\ShaderEditor\ShaderEditorGUI\Debug\vc110.idb
D:\Projects\ShaderEditor\ShaderEditorGUI\Debug\vc110.pdb
D:\Projects\ShaderEditor\ShaderEditorGUI\ShaderEditorGUI.pdb
D:\Projects\ShaderEditor\ShaderEditorGUI\ShaderEditorGUI.exe
D:\Projects\ShaderEditor\ShaderEditorGUI\ShaderEditorGUI.ilk
